This file contains any messages produced by compilers while
running configure, to aid debugging if configure makes a mistake.

It was created by ESPRESSO configure 6.1, which was
generated by GNU Autoconf 2.69.  Invocation command line was

  $ ./install/configure 

## --------- ##
## Platform. ##
## --------- ##

hostname = coe.psc.edu
uname -m = x86_64
uname -r = 3.10.0-514.16.1.el7.x86_64
uname -s = Linux
uname -v = #1 SMP Wed Apr 12 15:04:24 UTC 2017

/usr/bin/uname -p = x86_64
/bin/uname -X     = unknown

/bin/arch              = x86_64
/usr/bin/arch -k       = unknown
/usr/convex/getsysinfo = unknown
/usr/bin/hostinfo      = unknown
/bin/machine           = unknown
/usr/bin/oslevel       = unknown
/bin/universe          = unknown

PATH: /home/xingyu/miniconda2/bin
PATH: /opt/ohpc/pub/intel/intel16u4/compilers_and_libraries_2016.4.258/linux/mpi/intel64/bin
PATH: /opt/ohpc/pub/intel/intel16u4/compilers_and_libraries_2016.4.258/linux/bin/intel64
PATH: /home/xingyu/miniconda3/bin
PATH: /usr/lib64/qt-3.3/bin
PATH: /opt/ohpc/pub/prun/1.1
PATH: /opt/ohpc/pub/autotools/bin
PATH: /opt/ohpc/pub/bin
PATH: /usr/local/bin
PATH: /usr/bin
PATH: /usr/local/sbin
PATH: /usr/sbin
PATH: /home/xingyu/.local/bin
PATH: /home/xingyu/bin


## ----------- ##
## Core tests. ##
## ----------- ##

configure:2350: checking build system type
configure:2364: result: x86_64-pc-linux-gnu
configure:2388: checking ARCH
configure:2432: result: x86_64
configure:2454: checking setting AR... 
configure:2460: result: ar
configure:2464: checking setting ARFLAGS... 
configure:2476: result: ruv
configure:2554: checking for gfortran
configure:2570: found /usr/bin/gfortran
configure:2581: result: gfortran
configure:2607: checking for Fortran compiler version
configure:2616: gfortran --version >&5
GNU Fortran (GCC) 4.8.5 20150623 (Red Hat 4.8.5-16)
Copyright (C) 2015 Free Software Foundation, Inc.

GNU Fortran comes with NO WARRANTY, to the extent permitted by law.
You may redistribute copies of GNU Fortran
under the terms of the GNU General Public License.
For more information about these matters, see the file named COPYING

configure:2627: $? = 0
configure:2616: gfortran -v >&5
Using built-in specs.
COLLECT_GCC=gfortran
COLLECT_LTO_WRAPPER=/usr/libexec/gcc/x86_64-redhat-linux/4.8.5/lto-wrapper
Target: x86_64-redhat-linux
Configured with: ../configure --prefix=/usr --mandir=/usr/share/man --infodir=/usr/share/info --with-bugurl=http://bugzilla.redhat.com/bugzilla --enable-bootstrap --enable-shared --enable-threads=posix --enable-checking=release --with-system-zlib --enable-__cxa_atexit --disable-libunwind-exceptions --enable-gnu-unique-object --enable-linker-build-id --with-linker-hash-style=gnu --enable-languages=c,c++,objc,obj-c++,java,fortran,ada,go,lto --enable-plugin --enable-initfini-array --disable-libgcj --with-isl=/builddir/build/BUILD/gcc-4.8.5-20150702/obj-x86_64-redhat-linux/isl-install --with-cloog=/builddir/build/BUILD/gcc-4.8.5-20150702/obj-x86_64-redhat-linux/cloog-install --enable-gnu-indirect-function --with-tune=generic --with-arch_32=x86-64 --build=x86_64-redhat-linux
Thread model: posix
gcc version 4.8.5 20150623 (Red Hat 4.8.5-16) (GCC) 
configure:2627: $? = 0
configure:2616: gfortran -V >&5
gfortran: error: unrecognized command line option '-V'
gfortran: fatal error: no input files
compilation terminated.
configure:2627: $? = 4
configure:2616: gfortran -qversion >&5
gfortran: error: unrecognized command line option '-qversion'
gfortran: fatal error: no input files
compilation terminated.
configure:2627: $? = 4
configure:2636: checking whether we are using the GNU Fortran compiler
configure:2649: gfortran -c   conftest.F >&5
configure:2649: $? = 0
configure: failed program was:
|       program main
| #ifndef __GNUC__
|        choke me
| #endif
| 
|       end
configure:2658: result: no
configure:2664: checking whether gfortran accepts -g
configure:2675: gfortran -c -g  conftest.f >&5
configure:2675: $? = 0
configure: failed program was:
|       program main
| 
|       end
configure:2683: result: no
configure:2914: checking for Fortran compiler version
configure:2923: gfortran --version >&5
GNU Fortran (GCC) 4.8.5 20150623 (Red Hat 4.8.5-16)
Copyright (C) 2015 Free Software Foundation, Inc.

GNU Fortran comes with NO WARRANTY, to the extent permitted by law.
You may redistribute copies of GNU Fortran
under the terms of the GNU General Public License.
For more information about these matters, see the file named COPYING

configure:2934: $? = 0
configure:2923: gfortran -v >&5
Using built-in specs.
COLLECT_GCC=gfortran
COLLECT_LTO_WRAPPER=/usr/libexec/gcc/x86_64-redhat-linux/4.8.5/lto-wrapper
Target: x86_64-redhat-linux
Configured with: ../configure --prefix=/usr --mandir=/usr/share/man --infodir=/usr/share/info --with-bugurl=http://bugzilla.redhat.com/bugzilla --enable-bootstrap --enable-shared --enable-threads=posix --enable-checking=release --with-system-zlib --enable-__cxa_atexit --disable-libunwind-exceptions --enable-gnu-unique-object --enable-linker-build-id --with-linker-hash-style=gnu --enable-languages=c,c++,objc,obj-c++,java,fortran,ada,go,lto --enable-plugin --enable-initfini-array --disable-libgcj --with-isl=/builddir/build/BUILD/gcc-4.8.5-20150702/obj-x86_64-redhat-linux/isl-install --with-cloog=/builddir/build/BUILD/gcc-4.8.5-20150702/obj-x86_64-redhat-linux/cloog-install --enable-gnu-indirect-function --with-tune=generic --with-arch_32=x86-64 --build=x86_64-redhat-linux
Thread model: posix
gcc version 4.8.5 20150623 (Red Hat 4.8.5-16) (GCC) 
configure:2934: $? = 0
configure:2923: gfortran -V >&5
gfortran: error: unrecognized command line option '-V'
gfortran: fatal error: no input files
compilation terminated.
configure:2934: $? = 4
configure:2923: gfortran -qversion >&5
gfortran: error: unrecognized command line option '-qversion'
gfortran: fatal error: no input files
compilation terminated.
configure:2934: $? = 4
configure:2949: checking whether the Fortran compiler works
configure:2971: gfortran    conftest.f  >&5
configure:2975: $? = 0
configure:3023: result: yes
configure:3026: checking for Fortran compiler default output file name
configure:3028: result: a.out
configure:3034: checking for suffix of executables
configure:3041: gfortran -o conftest    conftest.f  >&5
configure:3045: $? = 0
configure:3067: result: 
configure:3083: checking whether we are cross compiling
configure:3091: gfortran -o conftest    conftest.f  >&5
configure:3095: $? = 0
configure:3102: ./conftest
configure:3106: $? = 0
configure:3121: result: no
configure:3126: checking for suffix of object files
configure:3142: gfortran -c   conftest.f >&5
configure:3146: $? = 0
configure:3167: result: o
configure:3175: checking whether we are using the GNU Fortran compiler
configure:3197: result: no
configure:3203: checking whether gfortran accepts -g
configure:3222: result: no
configure:3256: checking for Fortran flag to compile .f90 files
configure:3276: gfortran -c   conftest.f90 >&5
configure:3276: $? = 0
configure:3285: result: none
configure:3370: checking for mpif90
configure:3386: found /opt/ohpc/pub/intel/intel16u4/compilers_and_libraries_2016.4.258/linux/mpi/intel64/bin/mpif90
configure:3397: result: mpif90
configure:3423: checking for Fortran compiler version
configure:3432: mpif90 --version >&5
GNU Fortran (GCC) 4.8.5 20150623 (Red Hat 4.8.5-16)
Copyright (C) 2015 Free Software Foundation, Inc.

GNU Fortran comes with NO WARRANTY, to the extent permitted by law.
You may redistribute copies of GNU Fortran
under the terms of the GNU General Public License.
For more information about these matters, see the file named COPYING

configure:3443: $? = 0
configure:3432: mpif90 -v >&5
mpif90 for the Intel(R) MPI Library 5.1.3 for Linux*
Copyright(C) 2003-2015, Intel Corporation.  All rights reserved.
Using built-in specs.
COLLECT_GCC=gfortran
COLLECT_LTO_WRAPPER=/usr/libexec/gcc/x86_64-redhat-linux/4.8.5/lto-wrapper
Target: x86_64-redhat-linux
Configured with: ../configure --prefix=/usr --mandir=/usr/share/man --infodir=/usr/share/info --with-bugurl=http://bugzilla.redhat.com/bugzilla --enable-bootstrap --enable-shared --enable-threads=posix --enable-checking=release --with-system-zlib --enable-__cxa_atexit --disable-libunwind-exceptions --enable-gnu-unique-object --enable-linker-build-id --with-linker-hash-style=gnu --enable-languages=c,c++,objc,obj-c++,java,fortran,ada,go,lto --enable-plugin --enable-initfini-array --disable-libgcj --with-isl=/builddir/build/BUILD/gcc-4.8.5-20150702/obj-x86_64-redhat-linux/isl-install --with-cloog=/builddir/build/BUILD/gcc-4.8.5-20150702/obj-x86_64-redhat-linux/cloog-install --enable-gnu-indirect-function --with-tune=generic --with-arch_32=x86-64 --build=x86_64-redhat-linux
Thread model: posix
gcc version 4.8.5 20150623 (Red Hat 4.8.5-16) (GCC) 
configure:3443: $? = 0
configure:3432: mpif90 -V >&5
gfortran: error: unrecognized command line option '-V'
configure:3443: $? = 1
configure:3432: mpif90 -qversion >&5
gfortran: error: unrecognized command line option '-qversion'
configure:3443: $? = 1
configure:3452: checking whether we are using the GNU Fortran compiler
configure:3465: mpif90 -c   conftest.F >&5
configure:3465: $? = 0
configure:3474: result: yes
configure:3480: checking whether mpif90 accepts -g
configure:3491: mpif90 -c -g  conftest.f90 >&5
configure:3491: $? = 0
configure:3499: result: yes
configure:3949: checking for cc
configure:3965: found /usr/bin/cc
configure:3976: result: cc
configure:4007: checking for C compiler version
configure:4016: cc --version >&5
cc (GCC) 4.8.5 20150623 (Red Hat 4.8.5-16)
Copyright (C) 2015 Free Software Foundation, Inc.
This is free software; see the source for copying conditions.  There is NO
warranty; not even for MERCHANTABILITY or FITNESS FOR A PARTICULAR PURPOSE.

configure:4027: $? = 0
configure:4016: cc -v >&5
Using built-in specs.
COLLECT_GCC=cc
COLLECT_LTO_WRAPPER=/usr/libexec/gcc/x86_64-redhat-linux/4.8.5/lto-wrapper
Target: x86_64-redhat-linux
Configured with: ../configure --prefix=/usr --mandir=/usr/share/man --infodir=/usr/share/info --with-bugurl=http://bugzilla.redhat.com/bugzilla --enable-bootstrap --enable-shared --enable-threads=posix --enable-checking=release --with-system-zlib --enable-__cxa_atexit --disable-libunwind-exceptions --enable-gnu-unique-object --enable-linker-build-id --with-linker-hash-style=gnu --enable-languages=c,c++,objc,obj-c++,java,fortran,ada,go,lto --enable-plugin --enable-initfini-array --disable-libgcj --with-isl=/builddir/build/BUILD/gcc-4.8.5-20150702/obj-x86_64-redhat-linux/isl-install --with-cloog=/builddir/build/BUILD/gcc-4.8.5-20150702/obj-x86_64-redhat-linux/cloog-install --enable-gnu-indirect-function --with-tune=generic --with-arch_32=x86-64 --build=x86_64-redhat-linux
Thread model: posix
gcc version 4.8.5 20150623 (Red Hat 4.8.5-16) (GCC) 
configure:4027: $? = 0
configure:4016: cc -V >&5
cc: error: unrecognized command line option '-V'
cc: fatal error: no input files
compilation terminated.
configure:4027: $? = 4
configure:4016: cc -qversion >&5
cc: error: unrecognized command line option '-qversion'
cc: fatal error: no input files
compilation terminated.
configure:4027: $? = 4
configure:4031: checking whether we are using the GNU C compiler
configure:4050: cc -c   conftest.c >&5
configure:4050: $? = 0
configure:4059: result: yes
configure:4068: checking whether cc accepts -g
configure:4088: cc -c -g  conftest.c >&5
configure:4088: $? = 0
configure:4129: result: yes
configure:4146: checking for cc option to accept ISO C89
configure:4209: cc  -c -g -O2  conftest.c >&5
configure:4209: $? = 0
configure:4222: result: none needed
configure:4367: checking for gfortran
configure:4383: found /usr/bin/gfortran
configure:4394: result: gfortran
configure:4420: checking for Fortran 77 compiler version
configure:4429: gfortran --version >&5
GNU Fortran (GCC) 4.8.5 20150623 (Red Hat 4.8.5-16)
Copyright (C) 2015 Free Software Foundation, Inc.

GNU Fortran comes with NO WARRANTY, to the extent permitted by law.
You may redistribute copies of GNU Fortran
under the terms of the GNU General Public License.
For more information about these matters, see the file named COPYING

configure:4440: $? = 0
configure:4429: gfortran -v >&5
Using built-in specs.
COLLECT_GCC=gfortran
COLLECT_LTO_WRAPPER=/usr/libexec/gcc/x86_64-redhat-linux/4.8.5/lto-wrapper
Target: x86_64-redhat-linux
Configured with: ../configure --prefix=/usr --mandir=/usr/share/man --infodir=/usr/share/info --with-bugurl=http://bugzilla.redhat.com/bugzilla --enable-bootstrap --enable-shared --enable-threads=posix --enable-checking=release --with-system-zlib --enable-__cxa_atexit --disable-libunwind-exceptions --enable-gnu-unique-object --enable-linker-build-id --with-linker-hash-style=gnu --enable-languages=c,c++,objc,obj-c++,java,fortran,ada,go,lto --enable-plugin --enable-initfini-array --disable-libgcj --with-isl=/builddir/build/BUILD/gcc-4.8.5-20150702/obj-x86_64-redhat-linux/isl-install --with-cloog=/builddir/build/BUILD/gcc-4.8.5-20150702/obj-x86_64-redhat-linux/cloog-install --enable-gnu-indirect-function --with-tune=generic --with-arch_32=x86-64 --build=x86_64-redhat-linux
Thread model: posix
gcc version 4.8.5 20150623 (Red Hat 4.8.5-16) (GCC) 
configure:4440: $? = 0
configure:4429: gfortran -V >&5
gfortran: error: unrecognized command line option '-V'
gfortran: fatal error: no input files
compilation terminated.
configure:4440: $? = 4
configure:4429: gfortran -qversion >&5
gfortran: error: unrecognized command line option '-qversion'
gfortran: fatal error: no input files
compilation terminated.
configure:4440: $? = 4
configure:4449: checking whether we are using the GNU Fortran 77 compiler
configure:4462: gfortran -c  conftest.F >&5
configure:4462: $? = 0
configure:4471: result: yes
configure:4477: checking whether gfortran accepts -g
configure:4488: gfortran -c -g conftest.f >&5
configure:4488: $? = 0
configure:4496: result: yes
configure:4846: checking whether make sets $(MAKE)
configure:4868: result: yes
configure:5540: checking for library containing dgemm
configure:5558: gfortran -o conftest -O3 -g  -x f95-cpp-input  -g -pthread   conftest.f  >&5
/tmp/ccR6IuH4.o: In function `main':
/home/xingyu/espresso/qe-passCommunicator/conftest.f:2: undefined reference to `dgemm_'
collect2: error: ld returned 1 exit status
configure:5558: $? = 1
configure: failed program was:
|       program main
|       call dgemm
|       end
configure:5558: gfortran -o conftest -O3 -g  -x f95-cpp-input  -g -pthread   conftest.f -lmkl_gf_lp64 -lmkl_sequential -lmkl_core  >&5
configure:5558: $? = 0
configure:5575: result: -lmkl_gf_lp64
configure:6495: checking for library containing dspev
configure:6513: gfortran -o conftest -O3 -g  -x f95-cpp-input  -g -pthread conftest.f    -lmkl_gf_lp64  -lmkl_sequential -lmkl_core >&5
configure:6513: $? = 0
configure:6530: result: none required
configure:6776: checking how to run the C preprocessor
configure:6807: cc -E  conftest.c
configure:6807: $? = 0
configure:6821: cc -E  conftest.c
conftest.c:9:28: fatal error: ac_nonexistent.h: No such file or directory
 #include <ac_nonexistent.h>
                            ^
compilation terminated.
configure:6821: $? = 1
configure: failed program was:
| /* confdefs.h */
| #define PACKAGE_NAME "ESPRESSO"
| #define PACKAGE_TARNAME "espresso"
| #define PACKAGE_VERSION "6.1"
| #define PACKAGE_STRING "ESPRESSO 6.1"
| #define PACKAGE_BUGREPORT ""
| #define PACKAGE_URL ""
| /* end confdefs.h.  */
| #include <ac_nonexistent.h>
configure:6846: result: cc -E
configure:6866: cc -E  conftest.c
configure:6866: $? = 0
configure:6880: cc -E  conftest.c
conftest.c:9:28: fatal error: ac_nonexistent.h: No such file or directory
 #include <ac_nonexistent.h>
                            ^
compilation terminated.
configure:6880: $? = 1
configure: failed program was:
| /* confdefs.h */
| #define PACKAGE_NAME "ESPRESSO"
| #define PACKAGE_TARNAME "espresso"
| #define PACKAGE_VERSION "6.1"
| #define PACKAGE_STRING "ESPRESSO 6.1"
| #define PACKAGE_BUGREPORT ""
| #define PACKAGE_URL ""
| /* end confdefs.h.  */
| #include <ac_nonexistent.h>
configure:6909: checking for grep that handles long lines and -e
configure:6967: result: /usr/bin/grep
configure:6972: checking for egrep
configure:7034: result: /usr/bin/grep -E
configure:7039: checking for ANSI C header files
configure:7059: cc -c -g -O2  conftest.c >&5
configure:7059: $? = 0
configure:7132: cc -o conftest -g -O2   -g -pthread conftest.c    -lmkl_gf_lp64  -lmkl_sequential -lmkl_core >&5
/opt/ohpc/pub/intel/intel16u4/compilers_and_libraries_2016.4.258/linux/mkl/lib/intel64/libmkl_core.so: undefined reference to `logf'
/opt/ohpc/pub/intel/intel16u4/compilers_and_libraries_2016.4.258/linux/mkl/lib/intel64/libmkl_core.so: undefined reference to `atan2'
/opt/ohpc/pub/intel/intel16u4/compilers_and_libraries_2016.4.258/linux/mkl/lib/intel64/libmkl_core.so: undefined reference to `sin'
/opt/ohpc/pub/intel/intel16u4/compilers_and_libraries_2016.4.258/linux/mkl/lib/intel64/libmkl_core.so: undefined reference to `fabs'
/opt/ohpc/pub/intel/intel16u4/compilers_and_libraries_2016.4.258/linux/mkl/lib/intel64/libmkl_core.so: undefined reference to `exp'
/opt/ohpc/pub/intel/intel16u4/compilers_and_libraries_2016.4.258/linux/mkl/lib/intel64/libmkl_core.so: undefined reference to `sqrtf'
/opt/ohpc/pub/intel/intel16u4/compilers_and_libraries_2016.4.258/linux/mkl/lib/intel64/libmkl_core.so: undefined reference to `cos'
/opt/ohpc/pub/intel/intel16u4/compilers_and_libraries_2016.4.258/linux/mkl/lib/intel64/libmkl_core.so: undefined reference to `sqrt'
/opt/ohpc/pub/intel/intel16u4/compilers_and_libraries_2016.4.258/linux/mkl/lib/intel64/libmkl_gf_lp64.so: undefined reference to `log'
/opt/ohpc/pub/intel/intel16u4/compilers_and_libraries_2016.4.258/linux/mkl/lib/intel64/libmkl_core.so: undefined reference to `pow'
/opt/ohpc/pub/intel/intel16u4/compilers_and_libraries_2016.4.258/linux/mkl/lib/intel64/libmkl_core.so: undefined reference to `log10'
/opt/ohpc/pub/intel/intel16u4/compilers_and_libraries_2016.4.258/linux/mkl/lib/intel64/libmkl_core.so: undefined reference to `ceil'
/opt/ohpc/pub/intel/intel16u4/compilers_and_libraries_2016.4.258/linux/mkl/lib/intel64/libmkl_core.so: undefined reference to `expf'
collect2: error: ld returned 1 exit status
configure:7132: $? = 1
configure: program exited with status 1
configure: failed program was:
| /* confdefs.h */
| #define PACKAGE_NAME "ESPRESSO"
| #define PACKAGE_TARNAME "espresso"
| #define PACKAGE_VERSION "6.1"
| #define PACKAGE_STRING "ESPRESSO 6.1"
| #define PACKAGE_BUGREPORT ""
| #define PACKAGE_URL ""
| /* end confdefs.h.  */
| #include <ctype.h>
| #include <stdlib.h>
| #if ((' ' & 0x0FF) == 0x020)
| # define ISLOWER(c) ('a' <= (c) && (c) <= 'z')
| # define TOUPPER(c) (ISLOWER(c) ? 'A' + ((c) - 'a') : (c))
| #else
| # define ISLOWER(c) 		   (('a' <= (c) && (c) <= 'i') 		     || ('j' <= (c) && (c) <= 'r') 		     || ('s' <= (c) && (c) <= 'z'))
| # define TOUPPER(c) (ISLOWER(c) ? ((c) | 0x40) : (c))
| #endif
| 
| #define XOR(e, f) (((e) && !(f)) || (!(e) && (f)))
| int
| main ()
| {
|   int i;
|   for (i = 0; i < 256; i++)
|     if (XOR (islower (i), ISLOWER (i))
| 	|| toupper (i) != TOUPPER (i))
|       return 2;
|   return 0;
| }
configure:7143: result: no
configure:7156: checking for sys/types.h
configure:7156: cc -c -g -O2  conftest.c >&5
configure:7156: $? = 0
configure:7156: result: yes
configure:7156: checking for sys/stat.h
configure:7156: cc -c -g -O2  conftest.c >&5
configure:7156: $? = 0
configure:7156: result: yes
configure:7156: checking for stdlib.h
configure:7156: cc -c -g -O2  conftest.c >&5
configure:7156: $? = 0
configure:7156: result: yes
configure:7156: checking for string.h
configure:7156: cc -c -g -O2  conftest.c >&5
configure:7156: $? = 0
configure:7156: result: yes
configure:7156: checking for memory.h
configure:7156: cc -c -g -O2  conftest.c >&5
configure:7156: $? = 0
configure:7156: result: yes
configure:7156: checking for strings.h
configure:7156: cc -c -g -O2  conftest.c >&5
configure:7156: $? = 0
configure:7156: result: yes
configure:7156: checking for inttypes.h
configure:7156: cc -c -g -O2  conftest.c >&5
configure:7156: $? = 0
configure:7156: result: yes
configure:7156: checking for stdint.h
configure:7156: cc -c -g -O2  conftest.c >&5
configure:7156: $? = 0
configure:7156: result: yes
configure:7156: checking for unistd.h
configure:7156: cc -c -g -O2  conftest.c >&5
configure:7156: $? = 0
configure:7156: result: yes
configure:7173: checking FFT
configure:7474: checking for DftiComputeForward in -lmkl_intel_lp64
configure:7499: cc -o conftest -O3 -O3  -g -pthread  conftest.c -lmkl_intel_lp64   -lmkl_gf_lp64  -lmkl_sequential -lmkl_core -lm  >&5
configure:7499: $? = 0
configure:7508: result: yes
configure:7530: checking for /opt/intel/Compiler/*/*/mkl/include/mkl_dfti.f90
configure:7544: result: no
configure:7530: checking for /opt/intel/mkl/*/include/mkl_dfti.f90
configure:7544: result: no
configure:7530: checking for /opt/intel/mkl*/include/mkl_dfti.f90
configure:7544: result: no
configure:7530: checking for /opt/ohpc/pub/intel/intel16u4/compilers_and_libraries_2016.4.258/linux/mkl/include/mkl_dfti.f90
configure:7544: result: yes
configure:7783: result: 
configure:7811: checking MASS
configure:8048: result: 
configure:8079: checking for library containing mpi_init
configure:8097: mpif90 -o conftest -O3 -g  -x f95-cpp-input -g -pthread conftest.f  >&5
configure:8097: $? = 0
configure:8114: result: none required
configure:8195: checking for library containing pdgemr2d
configure:8213: mpif90 -o conftest -O3 -g  -x f95-cpp-input -g -pthread conftest.f  >&5
/tmp/ccHoXYyu.o: In function `main':
/home/xingyu/espresso/qe-passCommunicator/conftest.f:2: undefined reference to `pdgemr2d_'
collect2: error: ld returned 1 exit status
configure:8213: $? = 1
configure: failed program was:
|       program main
|       call pdgemr2d
|       end
configure:8213: mpif90 -o conftest -O3 -g  -x f95-cpp-input -g -pthread conftest.f  >&5
/tmp/ccTAiW6D.o: In function `main':
/home/xingyu/espresso/qe-passCommunicator/conftest.f:2: undefined reference to `pdgemr2d_'
collect2: error: ld returned 1 exit status
configure:8213: $? = 1
configure: failed program was:
|       program main
|       call pdgemr2d
|       end
configure:8230: result: no
configure:8250: checking for library containing pdgemr2d
configure:8268: mpif90 -o conftest -O3 -g  -x f95-cpp-input -g -pthread conftest.f    -lmkl_gf_lp64  -lmkl_sequential -lmkl_core >&5
/tmp/ccjneRDR.o: In function `main':
/home/xingyu/espresso/qe-passCommunicator/conftest.f:2: undefined reference to `pdgemr2d_'
collect2: error: ld returned 1 exit status
configure:8268: $? = 1
configure: failed program was:
|       program main
|       call pdgemr2d
|       end
configure:8268: mpif90 -o conftest -O3 -g  -x f95-cpp-input -g -pthread conftest.f -lmkl_scalapack_lp64 -lmkl_blacs_openmpi_lp64     -lmkl_gf_lp64  -lmkl_sequential -lmkl_core >&5
/opt/ohpc/pub/intel/intel16u4/compilers_and_libraries_2016.4.258/linux/mkl/lib/intel64/libmkl_blacs_openmpi_lp64.so: undefined reference to `ompi_mpi_comm_null'
/opt/ohpc/pub/intel/intel16u4/compilers_and_libraries_2016.4.258/linux/mkl/lib/intel64/libmkl_blacs_openmpi_lp64.so: undefined reference to `MPI_Comm_f2c'
/opt/ohpc/pub/intel/intel16u4/compilers_and_libraries_2016.4.258/linux/mkl/lib/intel64/libmkl_blacs_openmpi_lp64.so: undefined reference to `ompi_mpi_double'
/opt/ohpc/pub/intel/intel16u4/compilers_and_libraries_2016.4.258/linux/mkl/lib/intel64/libmkl_blacs_openmpi_lp64.so: undefined reference to `ompi_mpi_dblcplex'
/opt/ohpc/pub/intel/intel16u4/compilers_and_libraries_2016.4.258/linux/mkl/lib/intel64/libmkl_blacs_openmpi_lp64.so: undefined reference to `ompi_mpi_packed'
/opt/ohpc/pub/intel/intel16u4/compilers_and_libraries_2016.4.258/linux/mkl/lib/intel64/libmkl_blacs_openmpi_lp64.so: undefined reference to `ompi_mpi_op_max'
/opt/ohpc/pub/intel/intel16u4/compilers_and_libraries_2016.4.258/linux/mkl/lib/intel64/libmkl_blacs_openmpi_lp64.so: undefined reference to `ompi_mpi_op_maxloc'
/opt/ohpc/pub/intel/intel16u4/compilers_and_libraries_2016.4.258/linux/mkl/lib/intel64/libmkl_blacs_openmpi_lp64.so: undefined reference to `ompi_mpi_op_min'
/opt/ohpc/pub/intel/intel16u4/compilers_and_libraries_2016.4.258/linux/mkl/lib/intel64/libmkl_blacs_openmpi_lp64.so: undefined reference to `ompi_mpi_byte'
/opt/ohpc/pub/intel/intel16u4/compilers_and_libraries_2016.4.258/linux/mkl/lib/intel64/libmkl_blacs_openmpi_lp64.so: undefined reference to `ompi_mpi_comm_world'
/opt/ohpc/pub/intel/intel16u4/compilers_and_libraries_2016.4.258/linux/mkl/lib/intel64/libmkl_blacs_openmpi_lp64.so: undefined reference to `ompi_mpi_float'
/opt/ohpc/pub/intel/intel16u4/compilers_and_libraries_2016.4.258/linux/mkl/lib/intel64/libmkl_blacs_openmpi_lp64.so: undefined reference to `ompi_request_null'
/opt/ohpc/pub/intel/intel16u4/compilers_and_libraries_2016.4.258/linux/mkl/lib/intel64/libmkl_blacs_openmpi_lp64.so: undefined reference to `ompi_mpi_cplex'
/opt/ohpc/pub/intel/intel16u4/compilers_and_libraries_2016.4.258/linux/mkl/lib/intel64/libmkl_blacs_openmpi_lp64.so: undefined reference to `ompi_mpi_unsigned_short'
/opt/ohpc/pub/intel/intel16u4/compilers_and_libraries_2016.4.258/linux/mkl/lib/intel64/libmkl_blacs_openmpi_lp64.so: undefined reference to `MPI_Comm_c2f'
/opt/ohpc/pub/intel/intel16u4/compilers_and_libraries_2016.4.258/linux/mkl/lib/intel64/libmkl_blacs_openmpi_lp64.so: undefined reference to `ompi_mpi_double_int'
/opt/ohpc/pub/intel/intel16u4/compilers_and_libraries_2016.4.258/linux/mkl/lib/intel64/libmkl_blacs_openmpi_lp64.so: undefined reference to `ompi_mpi_int'
/opt/ohpc/pub/intel/intel16u4/compilers_and_libraries_2016.4.258/linux/mkl/lib/intel64/libmkl_blacs_openmpi_lp64.so: undefined reference to `ompi_mpi_long_long_int'
/opt/ohpc/pub/intel/intel16u4/compilers_and_libraries_2016.4.258/linux/mkl/lib/intel64/libmkl_blacs_openmpi_lp64.so: undefined reference to `ompi_mpi_integer'
/opt/ohpc/pub/intel/intel16u4/compilers_and_libraries_2016.4.258/linux/mkl/lib/intel64/libmkl_blacs_openmpi_lp64.so: undefined reference to `ompi_mpi_dblprec'
/opt/ohpc/pub/intel/intel16u4/compilers_and_libraries_2016.4.258/linux/mkl/lib/intel64/libmkl_blacs_openmpi_lp64.so: undefined reference to `MPI_Type_f2c'
/opt/ohpc/pub/intel/intel16u4/compilers_and_libraries_2016.4.258/linux/mkl/lib/intel64/libmkl_blacs_openmpi_lp64.so: undefined reference to `MPI_Op_f2c'
/opt/ohpc/pub/intel/intel16u4/compilers_and_libraries_2016.4.258/linux/mkl/lib/intel64/libmkl_blacs_openmpi_lp64.so: undefined reference to `ompi_mpi_op_sum'
/opt/ohpc/pub/intel/intel16u4/compilers_and_libraries_2016.4.258/linux/mkl/lib/intel64/libmkl_blacs_openmpi_lp64.so: undefined reference to `MPI_Op_c2f'
/opt/ohpc/pub/intel/intel16u4/compilers_and_libraries_2016.4.258/linux/mkl/lib/intel64/libmkl_blacs_openmpi_lp64.so: undefined reference to `ompi_mpi_real'
/opt/ohpc/pub/intel/intel16u4/compilers_and_libraries_2016.4.258/linux/mkl/lib/intel64/libmkl_blacs_openmpi_lp64.so: undefined reference to `MPI_Type_c2f'
collect2: error: ld returned 1 exit status
configure:8268: $? = 1
configure: failed program was:
|       program main
|       call pdgemr2d
|       end
configure:8285: result: no
configure:8302: checking for library containing pdgemr2d
configure:8320: mpif90 -o conftest -O3 -g  -x f95-cpp-input -g -pthread conftest.f  -lsci >&5
/usr/bin/ld: cannot find -lsci
collect2: error: ld returned 1 exit status
configure:8320: $? = 1
configure: failed program was:
|       program main
|       call pdgemr2d
|       end
configure:8320: mpif90 -o conftest -O3 -g  -x f95-cpp-input -g -pthread conftest.f  -lsci >&5
/usr/bin/ld: cannot find -lsci
collect2: error: ld returned 1 exit status
configure:8320: $? = 1
configure: failed program was:
|       program main
|       call pdgemr2d
|       end
configure:8337: result: no
configure:8352: checking for library containing pdgemr2d
configure:8370: mpif90 -o conftest -O3 -g  -x f95-cpp-input  conftest.f  -lscalapack >&5
/usr/bin/ld: cannot find -lscalapack
collect2: error: ld returned 1 exit status
configure:8370: $? = 1
configure: failed program was:
|       program main
|       call pdgemr2d
|       end
configure:8370: mpif90 -o conftest -O3 -g  -x f95-cpp-input  conftest.f  -lscalapack >&5
/usr/bin/ld: cannot find -lscalapack
collect2: error: ld returned 1 exit status
configure:8370: $? = 1
configure: failed program was:
|       program main
|       call pdgemr2d
|       end
configure:8387: result: no
configure:8403: checking for library containing pdgemr2d
configure:8421: mpif90 -o conftest -O3 -g  -x f95-cpp-input  conftest.f  -lscalapack -lblacs -lblacsF77init -lblacs >&5
/usr/bin/ld: cannot find -lscalapack
/usr/bin/ld: cannot find -lblacs
/usr/bin/ld: cannot find -lblacsF77init
/usr/bin/ld: cannot find -lblacs
collect2: error: ld returned 1 exit status
configure:8421: $? = 1
configure: failed program was:
|       program main
|       call pdgemr2d
|       end
configure:8421: mpif90 -o conftest -O3 -g  -x f95-cpp-input  conftest.f  -lscalapack -lblacs -lblacsF77init -lblacs >&5
/usr/bin/ld: cannot find -lscalapack
/usr/bin/ld: cannot find -lblacs
/usr/bin/ld: cannot find -lblacsF77init
/usr/bin/ld: cannot find -lblacs
collect2: error: ld returned 1 exit status
configure:8421: $? = 1
configure: failed program was:
|       program main
|       call pdgemr2d
|       end
configure:8438: result: no
configure:8456: checking for library containing pdgemr2d
configure:8474: mpif90 -o conftest -O3 -g  -x f95-cpp-input  conftest.f  -L/bgsys/local/scalapack/lib -lscalapack -L/bgsys/local/blacs/lib -lblacs -lblacsF77init -lblacs >&5
/usr/bin/ld: cannot find -lscalapack
/usr/bin/ld: cannot find -lblacs
/usr/bin/ld: cannot find -lblacsF77init
/usr/bin/ld: cannot find -lblacs
collect2: error: ld returned 1 exit status
configure:8474: $? = 1
configure: failed program was:
|       program main
|       call pdgemr2d
|       end
configure:8474: mpif90 -o conftest -O3 -g  -x f95-cpp-input  conftest.f  -L/bgsys/local/scalapack/lib -lscalapack -L/bgsys/local/blacs/lib -lblacs -lblacsF77init -lblacs >&5
/usr/bin/ld: cannot find -lscalapack
/usr/bin/ld: cannot find -lblacs
/usr/bin/ld: cannot find -lblacsF77init
/usr/bin/ld: cannot find -lblacs
collect2: error: ld returned 1 exit status
configure:8474: $? = 1
configure: failed program was:
|       program main
|       call pdgemr2d
|       end
configure:8491: result: no
configure:8524: checking ELPA
configure:8598: result: 
configure:8859: checking for ranlib
configure:8875: found /usr/bin/ranlib
configure:8887: result: ranlib
configure:8913: checking for wget
configure:8929: found /usr/bin/wget
configure:8940: result: wget -O
configure:9152: creating ./config.status

## ---------------------- ##
## Running config.status. ##
## ---------------------- ##

This file was extended by ESPRESSO config.status 6.1, which was
generated by GNU Autoconf 2.69.  Invocation command line was

  CONFIG_FILES    = 
  CONFIG_HEADERS  = 
  CONFIG_LINKS    = 
  CONFIG_COMMANDS = 
  $ ./config.status 

on coe.psc.edu

config.status:861: creating install/make_lapack.inc
config.status:861: creating include/configure.h
config.status:861: creating make.inc
config.status:861: creating configure.msg
config.status:861: creating install/make_wannier90.inc
config.status:861: creating include/c_defs.h

## ---------------- ##
## Cache variables. ##
## ---------------- ##

ac_cv_build=x86_64-pc-linux-gnu
ac_cv_c_compiler_gnu=yes
ac_cv_env_CC_set=
ac_cv_env_CC_value=
ac_cv_env_CFLAGS_set=
ac_cv_env_CFLAGS_value=
ac_cv_env_CPPFLAGS_set=
ac_cv_env_CPPFLAGS_value=
ac_cv_env_CPP_set=
ac_cv_env_CPP_value=
ac_cv_env_EXTLIB_FLAGS_set=
ac_cv_env_EXTLIB_FLAGS_value=
ac_cv_env_F77_set=
ac_cv_env_F77_value=
ac_cv_env_FCFLAGS_set=
ac_cv_env_FCFLAGS_value=
ac_cv_env_FC_set=
ac_cv_env_FC_value=
ac_cv_env_FFLAGS_set=
ac_cv_env_FFLAGS_value=
ac_cv_env_LDFLAGS_set=
ac_cv_env_LDFLAGS_value=
ac_cv_env_LIBS_set=
ac_cv_env_LIBS_value=
ac_cv_env_build_alias_set=
ac_cv_env_build_alias_value=
ac_cv_env_host_alias_set=
ac_cv_env_host_alias_value=
ac_cv_env_target_alias_set=
ac_cv_env_target_alias_value=
ac_cv_f77_compiler_gnu=yes
ac_cv_fc_compiler_gnu=yes
ac_cv_fc_srcext_f90=none
ac_cv_file__opt_intel_Compiler_p_p_mkl_include_mkl_dfti_f90=no
ac_cv_file__opt_intel_mkl_p_include_mkl_dfti_f90=no
ac_cv_file__opt_intel_mklp_include_mkl_dfti_f90=no
ac_cv_file__opt_ohpc_pub_intel_intel16u4_compilers_and_libraries_2016_4_258_linux_mkl_include_mkl_dfti_f90=yes
ac_cv_header_inttypes_h=yes
ac_cv_header_memory_h=yes
ac_cv_header_stdc=no
ac_cv_header_stdint_h=yes
ac_cv_header_stdlib_h=yes
ac_cv_header_string_h=yes
ac_cv_header_strings_h=yes
ac_cv_header_sys_stat_h=yes
ac_cv_header_sys_types_h=yes
ac_cv_header_unistd_h=yes
ac_cv_lib_mkl_intel_lp64_DftiComputeForward=yes
ac_cv_objext=o
ac_cv_path_EGREP='/usr/bin/grep -E'
ac_cv_path_GREP=/usr/bin/grep
ac_cv_prog_CPP='cc -E'
ac_cv_prog_ac_ct_CC=cc
ac_cv_prog_ac_ct_F77=gfortran
ac_cv_prog_ac_ct_FC=mpif90
ac_cv_prog_cc_c89=
ac_cv_prog_cc_g=yes
ac_cv_prog_f77_g=yes
ac_cv_prog_fc_g=yes
ac_cv_prog_make_make_set=yes
ac_cv_prog_ranlib=ranlib
ac_cv_prog_wget='wget -O'
ac_cv_search_dgemm=-lmkl_gf_lp64
ac_cv_search_dspev='none required'
ac_cv_search_mpi_init='none required'
ac_cv_search_pdgemr2d=no

## ----------------- ##
## Output variables. ##
## ----------------- ##

CC='cc'
CFLAGS='-O3'
CPP='cc -E'
CPPFLAGS='-O3'
Configured for compilation of parallel executables.'
DEFS='-DHAVE_CONFIG_H'
ECHO_C=''
ECHO_N='-n'
ECHO_T=''
EGREP='/usr/bin/grep -E'
EXEEXT=''
EXTLIB_FLAGS=''
F77='mpif90'
FC='mpif90'
FCFLAGS=''
FCFLAGS_f90=''
FFLAGS='-O3 -g  -x f95-cpp-input'
GREP='/usr/bin/grep'
LDFLAGS=''
LIBOBJS=''
LIBS=' -L/bgsys/local/scalapack/lib -lscalapack -L/bgsys/local/blacs/lib -lblacs -lblacsF77init -lblacs'
LTLIBOBJS=''
OBJEXT='o'
PACKAGE_BUGREPORT=''
PACKAGE_NAME='ESPRESSO'
PACKAGE_STRING='ESPRESSO 6.1'
PACKAGE_TARNAME='espresso'
PACKAGE_URL=''
PACKAGE_VERSION='6.1'
PATH_SEPARATOR=':'
SET_MAKE=''
SHELL='/bin/sh'
ac_ct_CC='cc'
ac_ct_F77='gfortran'
ac_ct_FC='mpif90'
ar='ar'
arch='x86_64'
arflags='ruv'
bindir='${exec_prefix}/bin'
blas_libs='  -lmkl_gf_lp64  -lmkl_sequential -lmkl_core'
blas_libs_switch='external'
blas_line='BLAS_LIBS=  -lmkl_gf_lp64  -lmkl_sequential -lmkl_core'
build='x86_64-pc-linux-gnu'
build_alias=''
build_cpu='x86_64'
build_os='linux-gnu'
build_vendor='pc'
cc='cc'
cflags='-O3'
cpp='cpp'
cppflags='-P -traditional'
datadir='${datarootdir}'
datarootdir='${prefix}/share'
dflags=' -D__DFTI -D__MPI'
docdir='${datarootdir}/doc/${PACKAGE_TARNAME}'
dvidir='${docdir}'
elpa_libs=''
elpa_line='@delete@'
exec_prefix='${prefix}'
extlib_flags=''
f77='gfortran'
f90='gfortran'
f90flags='$(FFLAGS) -x f95-cpp-input'
f90rule='$(MPIF90) $(F90FLAGS) -c $<'
fdflags='$(DFLAGS) $(MANUAL_DFLAGS)'
fflags='-O3 -g'
fflags_nomain=''
fflags_noopt='-O0 -g'
fft_libs=''
fft_line='FFT_LIBS='
hdf5_libs=''
hdf5_line=''
host_alias=''
htmldir='${docdir}'
iflags='-I$(TOPDIR)/include -I$(TOPDIR)/FoX/finclude -I../include/ -I/opt/ohpc/pub/intel/intel16u4/compilers_and_libraries_2016.4.258/linux/mkl/include'
imod='-I'
includedir='${prefix}/include'
infodir='${datarootdir}/info'
lapack_libs=''
lapack_libs_switch='external'
lapack_line='LAPACK_LIBS='
ld='mpif90'
ld_libs=''
ldflags=' -g -pthread'
libdir='${exec_prefix}/lib'
libexecdir='${exec_prefix}/libexec'
localedir='${datarootdir}/locale'
localstatedir='${prefix}/var'
mandir='${datarootdir}/man'
mass_libs=''
mass_line='@delete@'
mpi_libs=''
mpi_line='@delete@'
mpif90='mpif90'
oldincludedir='/usr/include'
parallel_report='Parallel environment detected successfully.\
pdfdir='${docdir}'
pre_fdflags=''
prefix='/usr/local'
program_transform_name='s,x,x,'
psdir='${docdir}'
ranlib='ranlib'
runstatedir='${localstatedir}/run'
sbindir='${exec_prefix}/sbin'
scalapack_libs=''
scalapack_line='@delete@'
sharedstatedir='${prefix}/com'
sysconfdir='${prefix}/etc'
target_alias=''
topdir='/home/xingyu/espresso/qe-passCommunicator'
wget='wget -O'

## ----------- ##
## confdefs.h. ##
## ----------- ##

/* confdefs.h */
#define PACKAGE_NAME "ESPRESSO"
#define PACKAGE_TARNAME "espresso"
#define PACKAGE_VERSION "6.1"
#define PACKAGE_STRING "ESPRESSO 6.1"
#define PACKAGE_BUGREPORT ""
#define PACKAGE_URL ""
#define HAVE_SYS_TYPES_H 1
#define HAVE_SYS_STAT_H 1
#define HAVE_STDLIB_H 1
#define HAVE_STRING_H 1
#define HAVE_MEMORY_H 1
#define HAVE_STRINGS_H 1
#define HAVE_INTTYPES_H 1
#define HAVE_STDINT_H 1
#define HAVE_UNISTD_H 1

configure: exit 0
